<?xml version="1.0" encoding="UTF-8"?>
<!-- Generated by org.testng.reporters.JUnitXMLReporter -->
<testsuite hostname="DESKTOP-DC5OTEE" failures="0" tests="5" name="Surefire test" time="10.275" errors="0" timestamp="23 Jan 2025 19:33:33 GMT">
  <testcase classname="Selleniun_start_projects.Selleniun_start_projects.TriangleClassificationTest" name="testIsoscelesTriangle on testIsoscelesTriangle(Selleniun_start_projects.Selleniun_start_projects.TriangleClassificationTest)" time="0.572"/>
  <testcase classname="Selleniun_start_projects.Selleniun_start_projects.TriangleClassificationTest" name="testScaleneTriangle on testScaleneTriangle(Selleniun_start_projects.Selleniun_start_projects.TriangleClassificationTest)" time="0.321"/>
  <testcase classname="Selleniun_start_projects.Selleniun_start_projects.TriangleClassificationTest" name="testEquilateralTriangle on testEquilateralTriangle(Selleniun_start_projects.Selleniun_start_projects.TriangleClassificationTest)" time="0.309"/>
  <testcase classname="Selleniun_start_projects.Selleniun_start_projects.TriangleClassificationTest" name="invalid on invalid(Selleniun_start_projects.Selleniun_start_projects.TriangleClassificationTest)" time="0.298"/>
  <testcase classname="Selleniun_start_projects.Selleniun_start_projects.AppTest" name="Tests1 on Tests1(Selleniun_start_projects.Selleniun_start_projects.AppTest)" time="3.797"/>
</testsuite> <!-- Surefire test -->
