<?xml version="1.0" encoding="UTF-8"?>
<testng-results total="5" passed="5" failed="0" skipped="0">
  <reporter-output>
  </reporter-output>
  <suite started-at="2025-01-23T19:33:23Z" name="Surefire suite" finished-at="2025-01-23T19:33:33Z" duration-ms="10275">
    <groups>
    </groups>
    <test started-at="2025-01-23T19:33:23Z" name="Surefire test" finished-at="2025-01-23T19:33:33Z" duration-ms="10275">
      <class name="Selleniun_start_projects.Selleniun_start_projects.AppTest">
        <test-method signature="Tests1()[pri:0, instance:Tests1(Selleniun_start_projects.Selleniun_start_projects.AppTest)]" started-at="2025-01-23T21:33:29Z" name="Tests1" finished-at="2025-01-23T21:33:33Z" duration-ms="3797" status="PASS">
          <reporter-output>
          </reporter-output>
        </test-method> <!-- Tests1 -->
      </class> <!-- Selleniun_start_projects.Selleniun_start_projects.AppTest -->
      <class name="Selleniun_start_projects.Selleniun_start_projects.TriangleClassificationTest">
        <test-method signature="testIsoscelesTriangle()[pri:0, instance:testIsoscelesTriangle(Selleniun_start_projects.Selleniun_start_projects.TriangleClassificationTest)]" started-at="2025-01-23T21:33:27Z" name="testIsoscelesTriangle" finished-at="2025-01-23T21:33:27Z" duration-ms="572" status="PASS">
          <reporter-output>
          </reporter-output>
        </test-method> <!-- testIsoscelesTriangle -->
        <test-method signature="testScaleneTriangle()[pri:0, instance:testScaleneTriangle(Selleniun_start_projects.Selleniun_start_projects.TriangleClassificationTest)]" started-at="2025-01-23T21:33:27Z" name="testScaleneTriangle" finished-at="2025-01-23T21:33:28Z" duration-ms="321" status="PASS">
          <reporter-output>
          </reporter-output>
        </test-method> <!-- testScaleneTriangle -->
        <test-method signature="testEquilateralTriangle()[pri:0, instance:testEquilateralTriangle(Selleniun_start_projects.Selleniun_start_projects.TriangleClassificationTest)]" started-at="2025-01-23T21:33:28Z" name="testEquilateralTriangle" finished-at="2025-01-23T21:33:28Z" duration-ms="309" status="PASS">
          <reporter-output>
          </reporter-output>
        </test-method> <!-- testEquilateralTriangle -->
        <test-method signature="invalid()[pri:0, instance:invalid(Selleniun_start_projects.Selleniun_start_projects.TriangleClassificationTest)]" started-at="2025-01-23T21:33:28Z" name="invalid" finished-at="2025-01-23T21:33:28Z" duration-ms="298" status="PASS">
          <reporter-output>
          </reporter-output>
        </test-method> <!-- invalid -->
      </class> <!-- Selleniun_start_projects.Selleniun_start_projects.TriangleClassificationTest -->
    </test> <!-- Surefire test -->
  </suite> <!-- Surefire suite -->
</testng-results>
